0 info it worked if it ends with ok
1 verbose cli [ 'C:\\Program Files\\nodejs\\node.exe',
1 verbose cli   'C:\\Users\\alucardu\\AppData\\Roaming\\npm\\node_modules\\npm\\bin\\npm-cli.js',
1 verbose cli   'install',
1 verbose cli   'grunt-contrib-stylus\'' ]
2 info using npm@3.10.5
3 info using node@v4.4.7
4 silly loadCurrentTree Starting
5 silly install loadCurrentTree
6 silly install readLocalPackageData
7 silly fetchPackageMetaData grunt-contrib-stylus'
8 silly fetchOtherPackageData grunt-contrib-stylus'
9 silly cache add args [ 'grunt-contrib-stylus\'', null ]
10 verbose cache add spec grunt-contrib-stylus'
11 silly cache add parsed spec Result {
11 silly cache add   raw: 'grunt-contrib-stylus\'',
11 silly cache add   scope: null,
11 silly cache add   escapedName: null,
11 silly cache add   name: null,
11 silly cache add   rawSpec: 'grunt-contrib-stylus\'',
11 silly cache add   spec: 'C:\\Users\\alucardu\\IdeaProjects\\movieseat2.0\\grunt-contrib-stylus\'',
11 silly cache add   type: 'local' }
12 error addLocal Could not install C:\Users\alucardu\IdeaProjects\movieseat2.0\grunt-contrib-stylus'
13 silly fetchPackageMetaData Error: ENOENT: no such file or directory, open 'C:\Users\alucardu\IdeaProjects\movieseat2.0\grunt-contrib-stylus''
13 silly fetchPackageMetaData     at Error (native)
13 silly fetchPackageMetaData  error for grunt-contrib-stylus' { [Error: ENOENT: no such file or directory, open 'C:\Users\alucardu\IdeaProjects\movieseat2.0\grunt-contrib-stylus'']
13 silly fetchPackageMetaData   errno: -4058,
13 silly fetchPackageMetaData   code: 'ENOENT',
13 silly fetchPackageMetaData   syscall: 'open',
13 silly fetchPackageMetaData   path: 'C:\\Users\\alucardu\\IdeaProjects\\movieseat2.0\\grunt-contrib-stylus\'' }
14 silly rollbackFailedOptional Starting
15 silly rollbackFailedOptional Finishing
16 silly runTopLevelLifecycles Starting
17 silly runTopLevelLifecycles Finishing
18 silly install printInstalled
19 verbose stack Error: ENOENT: no such file or directory, open 'C:\Users\alucardu\IdeaProjects\movieseat2.0\grunt-contrib-stylus''
19 verbose stack     at Error (native)
20 verbose cwd C:\Users\alucardu\IdeaProjects\movieseat2.0
21 error Windows_NT 10.0.10586
22 error argv "C:\\Program Files\\nodejs\\node.exe" "C:\\Users\\alucardu\\AppData\\Roaming\\npm\\node_modules\\npm\\bin\\npm-cli.js" "install" "grunt-contrib-stylus'"
23 error node v4.4.7
24 error npm  v3.10.5
25 error path C:\Users\alucardu\IdeaProjects\movieseat2.0\grunt-contrib-stylus'
26 error code ENOENT
27 error errno -4058
28 error syscall open
29 error enoent ENOENT: no such file or directory, open 'C:\Users\alucardu\IdeaProjects\movieseat2.0\grunt-contrib-stylus''
30 error enoent ENOENT: no such file or directory, open 'C:\Users\alucardu\IdeaProjects\movieseat2.0\grunt-contrib-stylus''
30 error enoent This is most likely not a problem with npm itself
30 error enoent and is related to npm not being able to find a file.
31 verbose exit [ -4058, true ]
